v12.1 Version of MATLAB has been set up

                              < M A T L A B >
                  Copyright 1984-2001 The MathWorks, Inc.
                       Version 6.1.0.450 Release 12.1
                                May 18 2001

 
  To get started, type one of these: helpwin, helpdesk, or demo.
  For product information, visit www.mathworks.com.
 
>> >> >> >> >> >> >> >> >> >> >> >> >> >> >> >> >> >> >> >> >> >> >> >> >> >> >> >> >> >> >> >> >> >> >> >> >> >> >> >> >> >> >> >> >> >> >> >> >> >> >> >> >> >> >> >> >> >> >> >> >> >> >> >> >> >> >> >> >> >> >> >> >> >> >> >> >> >> >> >> >> >> >> >> >> >> >> >> >> >> >> >> >> >> >> >> >> >> >> >> >> >> >> >> >> >> >> >> >> >> >> >> >> Current plot held
>> >> Current plot released
>> >> >> >> >> >> >> >> >> >> 
pcmd =

lpr -s -h

>> >> >> >> >> >> Current plot held
>> >> Current plot released
>> >> >> >> >> >> >> >> >> >> >> >> >> >> >> 
pcmd =

lpr -s -h

>> >> >> >> >> >> >> Current plot held
>> ??? Error using ==> &
Matrix dimensions must agree.

>> Current plot released
>> >> >> >> >> >> >> >> >> >> 
pcmd =

lpr -s -h

>> >> >> >> >> >> Current plot held
>> ??? Error using ==> &
Matrix dimensions must agree.

>> Current plot released
>> >> >> >> >> >> >> >> Warning: Plot empty.
> In /nerc/packages/matlab/v12.1/toolbox/matlab/graph2d/legend.m at line 387
>> >> >> >> >> >> >> 
pcmd =

lpr -s -h

>> >> >> >> >> >> >> Current plot held
>> ??? Error using ==> &
Matrix dimensions must agree.

>> Current plot released
>> >> >> >> >> >> >> >> >> >> 
pcmd =

lpr -s -h

>> >> >> >> >> >> Current plot held
>> ??? Error using ==> &
Matrix dimensions must agree.

>> Current plot released
>> >> >> >> >> >> >> >> Warning: Plot empty.
> In /nerc/packages/matlab/v12.1/toolbox/matlab/graph2d/legend.m at line 387
>> >> >> >> >> >> >> 
pcmd =

lpr -s -h

>> >> >> >> >> >> >> Current plot held
>> >> Current plot released
>> >> >> >> >> >> >> >> >> >> >> 
pcmd =

lpr -s -h

>> >> >> >> >> >> Current plot held
>> >> Current plot released
>> >> >> >> >> >> >> >> >> >> >> >> >> >> >> >> 
pcmd =

lpr -s -h

>> >> >> >> >> >> >> >> >> >> >> ??? Error using ==> surface
Matrix dimensions must agree.

Error in ==> /nerc/packages/matlab/v12.1/toolbox/matlab/specgraph/pcolor.m
On line 53  ==>     hh = surface(x,y,zeros(size(c)),c);

>> >> >> >> >> >> >> >> >> >> >> >> >> >> >> >> >> >> >> >> 
pcmd =

lpr -s -h

>> >> >> >> >> >> >> ??? Error using ==> surface
Matrix dimensions must agree.

Error in ==> /nerc/packages/matlab/v12.1/toolbox/matlab/specgraph/pcolor.m
On line 53  ==>     hh = surface(x,y,zeros(size(c)),c);

>> >> >> >> >> >> >> >> >> >> >> >> >> >> >> >> >> >> >> >> >> >> >> 
pcmd =

lpr -s -h

>> >> >> >> >> >> >> >> ??? Error using ==> surface
Matrix dimensions must agree.

Error in ==> /nerc/packages/matlab/v12.1/toolbox/matlab/specgraph/pcolor.m
On line 53  ==>     hh = surface(x,y,zeros(size(c)),c);

>> >> >> >> >> >> >> >> >> >> >> >> >> >> >> >> >> >> >> >> >> >> >> 
pcmd =

lpr -s -h

>> >> >> >> >> >> >> >> ??? Error using ==> surface
Matrix dimensions must agree.

Error in ==> /nerc/packages/matlab/v12.1/toolbox/matlab/specgraph/pcolor.m
On line 53  ==>     hh = surface(x,y,zeros(size(c)),c);

>> >> >> >> >> >> >> >> >> >> >> >> >> >> >> >> >> >> >> >> 
pcmd =

lpr -s -h

>> >> >> >> >> >> >> >> >> >> >> >> >> >> >> >> >> >> >> >> >> >> >> >> >> >> >> >> >> >> >> 
pcmd =

lpr -s -h

>> >> >> >> >> >> >> >> >> >> >> >> >> >> >> >> >> >> >> >> >> >> >> >> >> >> >> >> 
pcmd =

lpr -s -h

>> >> >> >> >> ??? Undefined function or variable 'microcat_netcdf_dm'.

>> >> 