v12.1 Version of MATLAB has been set up

                              < M A T L A B >
                  Copyright 1984-2001 The MathWorks, Inc.
                       Version 6.1.0.450 Release 12.1
                                May 18 2001

 
  To get started, type one of these: helpwin, helpdesk, or demo.
  For product information, visit www.mathworks.com.
 
>> >> >> >> >> >> >> >> >> >> >> >> >> >> >> >> >> >> >> >> >> >> >> >> >> >> >> >> >> >> >> >> >> >> >> >> >> >> >> >> >> >> >> >> >> >> >> >> >> >> >> >> >> >> >> >> >> >> >> >> >> >> >> >> >> >> >> >> >> >> >> >> >> Current plot held
>> >> Current plot released
>> >> >> >> >> >> >> >> >> >> >> >> >> >> 
pcmd =

lpr -s -h

>> >> >> >> >> Current plot held
>> >> Current plot released
>> >> >> >> >> >> >> >> >> >> >> >> >> >> >> >> >> >> >> 
pcmd =

lpr -s -h

>> >> >> >> >> >> Current plot held
>> >> Current plot released
>> >> >> >> >> >> >> >> >> >> >> >> >> >> 
pcmd =

lpr -s -h

>> >> >> >> >> Current plot held
>> >> Current plot released
>> >> >> >> >> >> >> >> >> >> >> >> >> >> >> >> >> >> >> 
pcmd =

lpr -s -h

>> >> >> >> >> >> Current plot held
>> >> Current plot released
>> >> >> >> >> >> >> >> >> >> >> >> >> >> 
pcmd =

lpr -s -h

>> >> >> >> >> Current plot held
>> >> Current plot released
>> >> >> >> >> >> >> >> >> >> >> >> >> >> >> >> >> >> >> 
pcmd =

lpr -s -h

>> >> >> >> >> >> Current plot held
>> >> Current plot released
>> >> >> >> >> >> >> >> >> >> >> >> >> >> >> >> 
pcmd =

lpr -s -h

>> >> >> >> >> Current plot held
>> >> Current plot released
>> >> >> >> >> >> >> >> >> >> >> >> >> >> >> >> >> >> >> >> 
pcmd =

lpr -s -h

>> >> >> >> >> >> >> >> >> >> >> >> >> >> >> >> >> >> >> >> >> >> >> >> >> 
pcmd =

lpr -s -h

>> >> >> >> >> >> >> >> >> >> >> >> >> >> >> >> >> >> >> >> 
pcmd =

lpr -s -h

>> >> >> ??? Error: File: /users/itg/animate/netcdf/microcat/make_microcat_netcdf.m Line: 13 Column: 4
"identifier" expected, "end of line" found.

Error in ==> /users/itg/animate/netcdf/microcat/oceansites_dm.m
On line 19  ==> make_microcat_netcdf;

>> >> >> >> 